<?xml version="1.0" encoding="UTF-8"?>
<!-- Generated by org.testng.reporters.JUnitReportReporter -->
<testsuite skipped="0" hostname="vbhavana-lp" name="PageTests.HomePage" tests="1" failures="0" timestamp="2021-01-05T21:51:54 IST" time="8.448" errors="0">
  <testcase name="launchApp" time="8.448" classname="PageTests.HomePage"/>
  <system-out/>
</testsuite> <!-- PageTests.HomePage -->
